Start testing: Mar 28 11:46 WET
----------------------------------------------------------
1/1 Testing: position_test
1/1 Test: position_test
Command: "/mnt/c/Users/pedro/Documents/GITHUB/Tecnico_Investment_Club/tic-hft/position/build/position_test"
Directory: /mnt/c/Users/pedro/Documents/GITHUB/Tecnico_Investment_Club/tic-hft/position/build
"position_test" start time: Mar 28 11:46 WET
Output:
----------------------------------------------------------
<end of output>
Test time =   0.01 sec
----------------------------------------------------------
Test Passed.
"position_test" end time: Mar 28 11:46 WET
"position_test" time elapsed: 00:00:00
----------------------------------------------------------

End testing: Mar 28 11:46 WET
